This is pdfTeX, Version 3.14159265-2.6-1.40.18 (TeX Live 2017) (preloaded format=latex 2017.10.23)  4 NOV 2017 10:36
entering extended mode
 restricted \write18 enabled.
 %&-line parsing enabled.
**haskell-intro.pdf -t beamer haskell-intro.md
(./haskell-intro.pdf
LaTeX2e <2017/01/01> patch level 3
Babel <3.10> and hyphenation patterns for 8 language(s) loaded.

! LaTeX Error: Missing \begin{document}.

See the LaTeX manual or LaTeX Companion for explanation.
Type  H <return>  for immediate help.
 ...                                              
                                                  
l.3 1
     4 0 obj
? 
! Emergency stop.
 ...                                              
                                                  
l.3 1
     4 0 obj
You're in trouble here.  Try typing  <return>  to proceed.
If that doesn't work, type  X <return>  to quit.

 
Here is how much of TeX's memory you used:
 6 strings out of 494888
 284 string characters out of 6179251
 46439 words of memory out of 5000000
 3421 multiletter control sequences out of 15000+600000
 3640 words of font info for 14 fonts, out of 8000000 for 9000
 14 hyphenation exceptions out of 8191
 5i,0n,4p,55b,14s stack positions out of 5000i,500n,10000p,200000b,80000s
No pages of output.
